SF:lib\domain\usecases\authentication.dart
DA:14,1
DA:15,3
DA:17,2
LF:3
LH:3
end_of_record
SF:lib\data\http\http_error.dart
DA:1,3
DA:2,3
DA:3,3
DA:4,3
DA:5,3
DA:6,3
DA:7,3
LF:7
LH:7
end_of_record
SF:lib\data\models\remote_account_model.dart
DA:8,1
DA:10,1
DA:11,1
DA:14,2
DA:16,3
LF:5
LH:5
end_of_record
SF:lib\data\usecases\remote_authentication.dart
DA:14,1
DA:16,1
DA:17,2
DA:21,4
DA:22,2
DA:23,1
DA:24,1
DA:35,1
DA:37,1
DA:38,3
DA:40,4
LF:11
LH:11
end_of_record
SF:lib\domain\entities\account_entity.dart
DA:4,2
LF:1
LH:1
end_of_record
SF:lib\domain\helpers\domain_error.dart
DA:1,9
DA:4,1
DA:6,1
LF:3
LH:3
end_of_record
SF:lib\infra\http\http_adapter.dart
DA:11,1
DA:13,1
DA:15,1
DA:20,1
DA:21,1
DA:24,1
DA:25,3
DA:31,1
DA:34,1
DA:35,2
DA:36,4
DA:37,2
DA:39,2
DA:41,2
DA:43,2
DA:45,2
LF:16
LH:16
end_of_record
SF:lib\presentation\presenters\stream_login_presenter.dart
DA:18,2
DA:19,1
DA:20,1
DA:21,1
DA:34,1
DA:35,6
DA:37,1
DA:38,6
DA:40,1
DA:41,6
DA:43,1
DA:44,6
DA:46,1
DA:47,6
DA:49,1
DA:52,4
DA:54,1
DA:55,2
DA:56,4
DA:57,1
DA:60,1
DA:61,2
DA:62,2
DA:63,2
DA:64,1
DA:67,1
DA:68,2
DA:69,1
DA:71,3
DA:72,5
DA:73,1
DA:74,3
DA:77,2
DA:78,1
DA:81,1
DA:82,2
DA:83,1
LF:37
LH:37
end_of_record
SF:lib\validation\validators\email_validation.dart
DA:6,1
DA:8,1
DA:9,1
DA:11,3
LF:4
LH:4
end_of_record
SF:lib\validation\validators\required_field_validation.dart
DA:6,1
DA:8,1
DA:9,2
LF:3
LH:3
end_of_record
SF:lib\ui\components\Headline1.dart
DA:6,1
DA:8,1
DA:10,1
DA:11,2
DA:13,3
LF:5
LH:5
end_of_record
SF:lib\ui\components\LoginHeader.dart
DA:4,1
DA:6,1
DA:8,1
DA:10,1
DA:12,1
DA:13,1
DA:14,2
DA:15,2
DA:16,2
DA:17,2
DA:19,1
DA:20,1
DA:21,1
DA:26,1
DA:27,1
LF:15
LH:15
end_of_record
SF:lib\ui\components\app.dart
DA:7,0
DA:9,0
DA:11,0
DA:12,0
DA:13,0
DA:15,0
DA:18,0
DA:24,0
DA:25,0
DA:29,0
DA:30,0
DA:31,0
DA:32,0
DA:33,0
DA:35,0
DA:36,0
DA:39,0
DA:41,0
DA:42,0
DA:43,0
LF:20
LH:0
end_of_record
SF:lib\ui\pages\login\login_page.dart
DA:12,1
DA:14,1
DA:15,1
DA:19,1
DA:21,1
DA:22,3
DA:25,1
DA:27,1
DA:28,1
DA:29,2
DA:30,5
DA:32,1
DA:34,1
DA:38,5
DA:40,1
DA:44,1
DA:45,1
DA:47,1
DA:48,1
DA:49,1
DA:50,1
DA:52,1
DA:53,3
DA:54,1
DA:55,1
DA:56,1
DA:57,1
DA:58,1
DA:61,1
DA:63,1
DA:64,1
DA:65,0
DA:66,1
DA:67,1
LF:34
LH:33
end_of_record
SF:lib\ui\components\spinner_dialog.dart
DA:3,1
DA:4,1
DA:7,1
DA:8,1
DA:9,1
DA:11,1
DA:12,1
DA:13,1
DA:16,1
DA:26,1
DA:27,1
DA:28,2
LF:12
LH:12
end_of_record
SF:lib\ui\components\error_message.dart
DA:3,1
DA:4,3
DA:5,1
DA:9,1
LF:4
LH:4
end_of_record
SF:lib\ui\pages\login\components\email_input.dart
DA:7,1
DA:9,1
DA:10,1
DA:11,1
DA:12,1
DA:13,1
DA:14,1
DA:15,1
DA:17,1
DA:19,2
DA:22,4
LF:11
LH:11
end_of_record
SF:lib\ui\pages\login\components\password_input.dart
DA:7,1
DA:9,1
DA:10,1
DA:11,1
DA:12,1
DA:13,1
DA:14,1
DA:15,1
DA:18,4
DA:19,1
DA:21,2
LF:11
LH:11
end_of_record
SF:lib\ui\pages\login\components\login_button.dart
DA:7,1
DA:9,1
DA:11,1
DA:12,1
DA:13,1
DA:14,1
DA:15,3
DA:16,2
LF:8
LH:8
end_of_record
